<?xml version="1.0" encoding="UTF-8"?>
<testsuite xmlns:xsi="http://www.w3.org/2001/XMLSchema-instance" xsi:noNamespaceSchemaLocation="https://maven.apache.org/surefire/maven-surefire-plugin/xsd/surefire-test-report.xsd" name="com.example.crawldata.CrawldataApplicationTests" time="41.303" tests="1" errors="0" skipped="0" failures="0">
  <properties>
    <property name="java.specification.version" value="17"/>
    <property name="sun.cpu.isalist" value="amd64"/>
    <property name="sun.jnu.encoding" value="Cp1252"/>
    <property name="java.class.path" value="D:\Eclipse\duancntt\RealEstate\bds\crawl-service\target\test-classes;D:\Eclipse\duancntt\RealEstate\bds\crawl-service\target\classes;D:\M2\org\springframework\boot\spring-boot-starter\3.0.8\spring-boot-starter-3.0.8.jar;D:\M2\org\springframework\boot\spring-boot\3.0.8\spring-boot-3.0.8.jar;D:\M2\org\springframework\spring-context\6.0.10\spring-context-6.0.10.jar;D:\M2\org\springframework\boot\spring-boot-autoconfigure\3.0.8\spring-boot-autoconfigure-3.0.8.jar;D:\M2\org\springframework\boot\spring-boot-starter-logging\3.0.8\spring-boot-starter-logging-3.0.8.jar;D:\M2\ch\qos\logback\logback-classic\1.4.8\logback-classic-1.4.8.jar;D:\M2\ch\qos\logback\logback-core\1.4.8\logback-core-1.4.8.jar;D:\M2\org\apache\logging\log4j\log4j-to-slf4j\2.19.0\log4j-to-slf4j-2.19.0.jar;D:\M2\org\apache\logging\log4j\log4j-api\2.19.0\log4j-api-2.19.0.jar;D:\M2\org\slf4j\jul-to-slf4j\2.0.7\jul-to-slf4j-2.0.7.jar;D:\M2\jakarta\annotation\jakarta.annotation-api\2.1.1\jakarta.annotation-api-2.1.1.jar;D:\M2\org\springframework\spring-core\6.0.10\spring-core-6.0.10.jar;D:\M2\org\springframework\spring-jcl\6.0.10\spring-jcl-6.0.10.jar;D:\M2\org\yaml\snakeyaml\1.33\snakeyaml-1.33.jar;D:\M2\org\springframework\boot\spring-boot-starter-jdbc\3.0.8\spring-boot-starter-jdbc-3.0.8.jar;D:\M2\org\springframework\spring-jdbc\6.0.10\spring-jdbc-6.0.10.jar;D:\M2\org\springframework\spring-beans\6.0.10\spring-beans-6.0.10.jar;D:\M2\org\springframework\spring-tx\6.0.10\spring-tx-6.0.10.jar;D:\M2\com\mysql\mysql-connector-j\8.0.33\mysql-connector-j-8.0.33.jar;D:\M2\org\springframework\boot\spring-boot-starter-test\3.0.8\spring-boot-starter-test-3.0.8.jar;D:\M2\org\springframework\boot\spring-boot-test\3.0.8\spring-boot-test-3.0.8.jar;D:\M2\org\springframework\boot\spring-boot-test-autoconfigure\3.0.8\spring-boot-test-autoconfigure-3.0.8.jar;D:\M2\com\jayway\jsonpath\json-path\2.7.0\json-path-2.7.0.jar;D:\M2\net\minidev\json-smart\2.4.11\json-smart-2.4.11.jar;D:\M2\net\minidev\accessors-smart\2.4.11\accessors-smart-2.4.11.jar;D:\M2\org\ow2\asm\asm\9.3\asm-9.3.jar;D:\M2\org\slf4j\slf4j-api\2.0.7\slf4j-api-2.0.7.jar;D:\M2\jakarta\xml\bind\jakarta.xml.bind-api\4.0.0\jakarta.xml.bind-api-4.0.0.jar;D:\M2\jakarta\activation\jakarta.activation-api\2.1.2\jakarta.activation-api-2.1.2.jar;D:\M2\org\assertj\assertj-core\3.23.1\assertj-core-3.23.1.jar;D:\M2\net\bytebuddy\byte-buddy\1.12.23\byte-buddy-1.12.23.jar;D:\M2\org\hamcrest\hamcrest\2.2\hamcrest-2.2.jar;D:\M2\org\junit\jupiter\junit-jupiter\5.9.3\junit-jupiter-5.9.3.jar;D:\M2\org\junit\jupiter\junit-jupiter-api\5.9.3\junit-jupiter-api-5.9.3.jar;D:\M2\org\opentest4j\opentest4j\1.2.0\opentest4j-1.2.0.jar;D:\M2\org\junit\platform\junit-platform-commons\1.9.3\junit-platform-commons-1.9.3.jar;D:\M2\org\apiguardian\apiguardian-api\1.1.2\apiguardian-api-1.1.2.jar;D:\M2\org\junit\jupiter\junit-jupiter-params\5.9.3\junit-jupiter-params-5.9.3.jar;D:\M2\org\junit\jupiter\junit-jupiter-engine\5.9.3\junit-jupiter-engine-5.9.3.jar;D:\M2\org\junit\platform\junit-platform-engine\1.9.3\junit-platform-engine-1.9.3.jar;D:\M2\org\mockito\mockito-core\4.8.1\mockito-core-4.8.1.jar;D:\M2\net\bytebuddy\byte-buddy-agent\1.12.23\byte-buddy-agent-1.12.23.jar;D:\M2\org\objenesis\objenesis\3.2\objenesis-3.2.jar;D:\M2\org\mockito\mockito-junit-jupiter\4.8.1\mockito-junit-jupiter-4.8.1.jar;D:\M2\org\skyscreamer\jsonassert\1.5.1\jsonassert-1.5.1.jar;D:\M2\com\vaadin\external\google\android-json\0.0.20131108.vaadin1\android-json-0.0.20131108.vaadin1.jar;D:\M2\org\springframework\spring-test\6.0.10\spring-test-6.0.10.jar;D:\M2\org\xmlunit\xmlunit-core\2.9.1\xmlunit-core-2.9.1.jar;D:\M2\org\springframework\boot\spring-boot-starter-data-jpa\3.0.8\spring-boot-starter-data-jpa-3.0.8.jar;D:\M2\org\springframework\boot\spring-boot-starter-aop\3.0.8\spring-boot-starter-aop-3.0.8.jar;D:\M2\org\springframework\spring-aop\6.0.10\spring-aop-6.0.10.jar;D:\M2\org\aspectj\aspectjweaver\1.9.19\aspectjweaver-1.9.19.jar;D:\M2\org\hibernate\orm\hibernate-core\6.1.7.Final\hibernate-core-6.1.7.Final.jar;D:\M2\jakarta\persistence\jakarta.persistence-api\3.1.0\jakarta.persistence-api-3.1.0.jar;D:\M2\jakarta\transaction\jakarta.transaction-api\2.0.1\jakarta.transaction-api-2.0.1.jar;D:\M2\org\jboss\logging\jboss-logging\3.5.1.Final\jboss-logging-3.5.1.Final.jar;D:\M2\org\hibernate\common\hibernate-commons-annotations\6.0.6.Final\hibernate-commons-annotations-6.0.6.Final.jar;D:\M2\org\jboss\jandex\2.4.2.Final\jandex-2.4.2.Final.jar;D:\M2\com\fasterxml\classmate\1.5.1\classmate-1.5.1.jar;D:\M2\org\glassfish\jaxb\jaxb-runtime\4.0.3\jaxb-runtime-4.0.3.jar;D:\M2\org\glassfish\jaxb\jaxb-core\4.0.3\jaxb-core-4.0.3.jar;D:\M2\org\eclipse\angus\angus-activation\2.0.1\angus-activation-2.0.1.jar;D:\M2\org\glassfish\jaxb\txw2\4.0.3\txw2-4.0.3.jar;D:\M2\com\sun\istack\istack-commons-runtime\4.1.2\istack-commons-runtime-4.1.2.jar;D:\M2\jakarta\inject\jakarta.inject-api\2.0.0\jakarta.inject-api-2.0.0.jar;D:\M2\org\antlr\antlr4-runtime\4.10.1\antlr4-runtime-4.10.1.jar;D:\M2\org\springframework\data\spring-data-jpa\3.0.7\spring-data-jpa-3.0.7.jar;D:\M2\org\springframework\data\spring-data-commons\3.0.7\spring-data-commons-3.0.7.jar;D:\M2\org\springframework\spring-orm\6.0.10\spring-orm-6.0.10.jar;D:\M2\org\springframework\spring-aspects\6.0.10\spring-aspects-6.0.10.jar;D:\M2\org\springframework\boot\spring-boot-starter-web\3.0.8\spring-boot-starter-web-3.0.8.jar;D:\M2\org\springframework\boot\spring-boot-starter-json\3.0.8\spring-boot-starter-json-3.0.8.jar;D:\M2\com\fasterxml\jackson\core\jackson-databind\2.14.3\jackson-databind-2.14.3.jar;D:\M2\com\fasterxml\jackson\core\jackson-annotations\2.14.3\jackson-annotations-2.14.3.jar;D:\M2\com\fasterxml\jackson\core\jackson-core\2.14.3\jackson-core-2.14.3.jar;D:\M2\com\fasterxml\jackson\datatype\jackson-datatype-jdk8\2.14.3\jackson-datatype-jdk8-2.14.3.jar;D:\M2\com\fasterxml\jackson\datatype\jackson-datatype-jsr310\2.14.3\jackson-datatype-jsr310-2.14.3.jar;D:\M2\com\fasterxml\jackson\module\jackson-module-parameter-names\2.14.3\jackson-module-parameter-names-2.14.3.jar;D:\M2\org\springframework\boot\spring-boot-starter-tomcat\3.0.8\spring-boot-starter-tomcat-3.0.8.jar;D:\M2\org\apache\tomcat\embed\tomcat-embed-core\10.1.10\tomcat-embed-core-10.1.10.jar;D:\M2\org\apache\tomcat\embed\tomcat-embed-el\10.1.10\tomcat-embed-el-10.1.10.jar;D:\M2\org\apache\tomcat\embed\tomcat-embed-websocket\10.1.10\tomcat-embed-websocket-10.1.10.jar;D:\M2\org\springframework\spring-web\6.0.10\spring-web-6.0.10.jar;D:\M2\io\micrometer\micrometer-observation\1.10.8\micrometer-observation-1.10.8.jar;D:\M2\io\micrometer\micrometer-commons\1.10.8\micrometer-commons-1.10.8.jar;D:\M2\org\springframework\spring-webmvc\6.0.10\spring-webmvc-6.0.10.jar;D:\M2\org\springframework\spring-expression\6.0.10\spring-expression-6.0.10.jar;D:\M2\org\jsoup\jsoup\1.16.1\jsoup-1.16.1.jar;D:\M2\org\seleniumhq\selenium\selenium-java\4.10.0\selenium-java-4.10.0.jar;D:\M2\org\seleniumhq\selenium\selenium-api\4.5.3\selenium-api-4.5.3.jar;D:\M2\org\seleniumhq\selenium\selenium-chrome-driver\4.5.3\selenium-chrome-driver-4.5.3.jar;D:\M2\com\google\auto\service\auto-service-annotations\1.0.1\auto-service-annotations-1.0.1.jar;D:\M2\com\google\auto\service\auto-service\1.0.1\auto-service-1.0.1.jar;D:\M2\com\google\auto\auto-common\1.2\auto-common-1.2.jar;D:\M2\com\google\guava\guava\31.1-jre\guava-31.1-jre.jar;D:\M2\com\google\guava\failureaccess\1.0.1\failureaccess-1.0.1.jar;D:\M2\com\google\guava\listenablefuture\9999.0-empty-to-avoid-conflict-with-guava\listenablefuture-9999.0-empty-to-avoid-conflict-with-guava.jar;D:\M2\com\google\code\findbugs\jsr305\3.0.2\jsr305-3.0.2.jar;D:\M2\org\checkerframework\checker-qual\3.12.0\checker-qual-3.12.0.jar;D:\M2\com\google\errorprone\error_prone_annotations\2.11.0\error_prone_annotations-2.11.0.jar;D:\M2\com\google\j2objc\j2objc-annotations\1.3\j2objc-annotations-1.3.jar;D:\M2\org\seleniumhq\selenium\selenium-chromium-driver\4.5.3\selenium-chromium-driver-4.5.3.jar;D:\M2\org\seleniumhq\selenium\selenium-json\4.5.3\selenium-json-4.5.3.jar;D:\M2\org\seleniumhq\selenium\selenium-devtools-v112\4.10.0\selenium-devtools-v112-4.10.0.jar;D:\M2\org\seleniumhq\selenium\selenium-devtools-v113\4.10.0\selenium-devtools-v113-4.10.0.jar;D:\M2\org\seleniumhq\selenium\selenium-devtools-v114\4.10.0\selenium-devtools-v114-4.10.0.jar;D:\M2\org\seleniumhq\selenium\selenium-devtools-v85\4.5.3\selenium-devtools-v85-4.5.3.jar;D:\M2\org\seleniumhq\selenium\selenium-edge-driver\4.5.3\selenium-edge-driver-4.5.3.jar;D:\M2\org\seleniumhq\selenium\selenium-firefox-driver\4.5.3\selenium-firefox-driver-4.5.3.jar;D:\M2\org\seleniumhq\selenium\selenium-ie-driver\4.5.3\selenium-ie-driver-4.5.3.jar;D:\M2\org\seleniumhq\selenium\selenium-remote-driver\4.5.3\selenium-remote-driver-4.5.3.jar;D:\M2\com\beust\jcommander\1.82\jcommander-1.82.jar;D:\M2\io\netty\netty-buffer\4.1.94.Final\netty-buffer-4.1.94.Final.jar;D:\M2\io\netty\netty-codec-http\4.1.94.Final\netty-codec-http-4.1.94.Final.jar;D:\M2\io\netty\netty-codec\4.1.94.Final\netty-codec-4.1.94.Final.jar;D:\M2\io\netty\netty-handler\4.1.94.Final\netty-handler-4.1.94.Final.jar;D:\M2\io\netty\netty-common\4.1.94.Final\netty-common-4.1.94.Final.jar;D:\M2\io\netty\netty-transport-classes-epoll\4.1.94.Final\netty-transport-classes-epoll-4.1.94.Final.jar;D:\M2\io\netty\netty-transport-classes-kqueue\4.1.94.Final\netty-transport-classes-kqueue-4.1.94.Final.jar;D:\M2\io\netty\netty-transport-native-epoll\4.1.94.Final\netty-transport-native-epoll-4.1.94.Final.jar;D:\M2\io\netty\netty-transport-native-kqueue\4.1.94.Final\netty-transport-native-kqueue-4.1.94.Final.jar;D:\M2\io\netty\netty-transport-native-unix-common\4.1.94.Final\netty-transport-native-unix-common-4.1.94.Final.jar;D:\M2\io\netty\netty-transport\4.1.94.Final\netty-transport-4.1.94.Final.jar;D:\M2\io\netty\netty-resolver\4.1.94.Final\netty-resolver-4.1.94.Final.jar;D:\M2\io\opentelemetry\opentelemetry-api\1.19.0\opentelemetry-api-1.19.0.jar;D:\M2\io\opentelemetry\opentelemetry-context\1.19.0\opentelemetry-context-1.19.0.jar;D:\M2\io\opentelemetry\opentelemetry-exporter-logging\1.19.0\opentelemetry-exporter-logging-1.19.0.jar;D:\M2\io\opentelemetry\opentelemetry-sdk-metrics\1.19.0\opentelemetry-sdk-metrics-1.19.0.jar;D:\M2\io\opentelemetry\opentelemetry-sdk-logs\1.19.0-alpha\opentelemetry-sdk-logs-1.19.0-alpha.jar;D:\M2\io\opentelemetry\opentelemetry-api-logs\1.19.0-alpha\opentelemetry-api-logs-1.19.0-alpha.jar;D:\M2\io\opentelemetry\opentelemetry-sdk-common\1.19.0\opentelemetry-sdk-common-1.19.0.jar;D:\M2\io\opentelemetry\opentelemetry-sdk-extension-autoconfigure-spi\1.19.0\opentelemetry-sdk-extension-autoconfigure-spi-1.19.0.jar;D:\M2\io\opentelemetry\opentelemetry-sdk-extension-autoconfigure\1.19.0-alpha\opentelemetry-sdk-extension-autoconfigure-1.19.0-alpha.jar;D:\M2\io\opentelemetry\opentelemetry-exporter-common\1.19.0\opentelemetry-exporter-common-1.19.0.jar;D:\M2\io\opentelemetry\opentelemetry-sdk-trace\1.19.0\opentelemetry-sdk-trace-1.19.0.jar;D:\M2\io\opentelemetry\opentelemetry-sdk\1.19.0\opentelemetry-sdk-1.19.0.jar;D:\M2\io\opentelemetry\opentelemetry-semconv\1.19.0-alpha\opentelemetry-semconv-1.19.0-alpha.jar;D:\M2\io\ous\jtoml\2.0.0\jtoml-2.0.0.jar;D:\M2\org\apache\commons\commons-exec\1.3\commons-exec-1.3.jar;D:\M2\org\asynchttpclient\async-http-client\2.12.3\async-http-client-2.12.3.jar;D:\M2\org\asynchttpclient\async-http-client-netty-utils\2.12.3\async-http-client-netty-utils-2.12.3.jar;D:\M2\io\netty\netty-codec-socks\4.1.94.Final\netty-codec-socks-4.1.94.Final.jar;D:\M2\io\netty\netty-handler-proxy\4.1.94.Final\netty-handler-proxy-4.1.94.Final.jar;D:\M2\io\netty\netty-transport-native-epoll\4.1.94.Final\netty-transport-native-epoll-4.1.94.Final-linux-x86_64.jar;D:\M2\io\netty\netty-transport-native-kqueue\4.1.94.Final\netty-transport-native-kqueue-4.1.94.Final-osx-x86_64.jar;D:\M2\org\reactivestreams\reactive-streams\1.0.4\reactive-streams-1.0.4.jar;D:\M2\com\typesafe\netty\netty-reactive-streams\2.0.4\netty-reactive-streams-2.0.4.jar;D:\M2\com\sun\activation\jakarta.activation\1.2.2\jakarta.activation-1.2.2.jar;D:\M2\org\seleniumhq\selenium\selenium-http\4.5.3\selenium-http-4.5.3.jar;D:\M2\dev\failsafe\failsafe\3.3.0\failsafe-3.3.0.jar;D:\M2\org\seleniumhq\selenium\selenium-safari-driver\4.5.3\selenium-safari-driver-4.5.3.jar;D:\M2\org\seleniumhq\selenium\selenium-support\4.5.3\selenium-support-4.5.3.jar;D:\M2\org\projectlombok\lombok\1.18.26\lombok-1.18.26.jar;"/>
    <property name="java.vm.vendor" value="Oracle Corporation"/>
    <property name="sun.arch.data.model" value="64"/>
    <property name="user.variant" value=""/>
    <property name="java.vendor.url" value="https://java.oracle.com/"/>
    <property name="user.timezone" value="Asia/Saigon"/>
    <property name="os.name" value="Windows 10"/>
    <property name="java.vm.specification.version" value="17"/>
    <property name="sun.java.launcher" value="SUN_STANDARD"/>
    <property name="user.country" value="US"/>
    <property name="sun.boot.library.path" value="C:\Program Files\Java\jdk-17.0.5\bin"/>
    <property name="sun.java.command" value="C:\Users\trong\AppData\Local\Temp\surefire12559803476840350495\surefirebooter3079518517249467969.jar C:\Users\trong\AppData\Local\Temp\surefire12559803476840350495 2023-07-07T22-58-44_874-jvmRun1 surefire641313804601864776tmp surefire_015932670582010563155tmp"/>
    <property name="jdk.debug" value="release"/>
    <property name="surefire.test.class.path" value="D:\Eclipse\duancntt\RealEstate\bds\crawl-service\target\test-classes;D:\Eclipse\duancntt\RealEstate\bds\crawl-service\target\classes;D:\M2\org\springframework\boot\spring-boot-starter\3.0.8\spring-boot-starter-3.0.8.jar;D:\M2\org\springframework\boot\spring-boot\3.0.8\spring-boot-3.0.8.jar;D:\M2\org\springframework\spring-context\6.0.10\spring-context-6.0.10.jar;D:\M2\org\springframework\boot\spring-boot-autoconfigure\3.0.8\spring-boot-autoconfigure-3.0.8.jar;D:\M2\org\springframework\boot\spring-boot-starter-logging\3.0.8\spring-boot-starter-logging-3.0.8.jar;D:\M2\ch\qos\logback\logback-classic\1.4.8\logback-classic-1.4.8.jar;D:\M2\ch\qos\logback\logback-core\1.4.8\logback-core-1.4.8.jar;D:\M2\org\apache\logging\log4j\log4j-to-slf4j\2.19.0\log4j-to-slf4j-2.19.0.jar;D:\M2\org\apache\logging\log4j\log4j-api\2.19.0\log4j-api-2.19.0.jar;D:\M2\org\slf4j\jul-to-slf4j\2.0.7\jul-to-slf4j-2.0.7.jar;D:\M2\jakarta\annotation\jakarta.annotation-api\2.1.1\jakarta.annotation-api-2.1.1.jar;D:\M2\org\springframework\spring-core\6.0.10\spring-core-6.0.10.jar;D:\M2\org\springframework\spring-jcl\6.0.10\spring-jcl-6.0.10.jar;D:\M2\org\yaml\snakeyaml\1.33\snakeyaml-1.33.jar;D:\M2\org\springframework\boot\spring-boot-starter-jdbc\3.0.8\spring-boot-starter-jdbc-3.0.8.jar;D:\M2\org\springframework\spring-jdbc\6.0.10\spring-jdbc-6.0.10.jar;D:\M2\org\springframework\spring-beans\6.0.10\spring-beans-6.0.10.jar;D:\M2\org\springframework\spring-tx\6.0.10\spring-tx-6.0.10.jar;D:\M2\com\mysql\mysql-connector-j\8.0.33\mysql-connector-j-8.0.33.jar;D:\M2\org\springframework\boot\spring-boot-starter-test\3.0.8\spring-boot-starter-test-3.0.8.jar;D:\M2\org\springframework\boot\spring-boot-test\3.0.8\spring-boot-test-3.0.8.jar;D:\M2\org\springframework\boot\spring-boot-test-autoconfigure\3.0.8\spring-boot-test-autoconfigure-3.0.8.jar;D:\M2\com\jayway\jsonpath\json-path\2.7.0\json-path-2.7.0.jar;D:\M2\net\minidev\json-smart\2.4.11\json-smart-2.4.11.jar;D:\M2\net\minidev\accessors-smart\2.4.11\accessors-smart-2.4.11.jar;D:\M2\org\ow2\asm\asm\9.3\asm-9.3.jar;D:\M2\org\slf4j\slf4j-api\2.0.7\slf4j-api-2.0.7.jar;D:\M2\jakarta\xml\bind\jakarta.xml.bind-api\4.0.0\jakarta.xml.bind-api-4.0.0.jar;D:\M2\jakarta\activation\jakarta.activation-api\2.1.2\jakarta.activation-api-2.1.2.jar;D:\M2\org\assertj\assertj-core\3.23.1\assertj-core-3.23.1.jar;D:\M2\net\bytebuddy\byte-buddy\1.12.23\byte-buddy-1.12.23.jar;D:\M2\org\hamcrest\hamcrest\2.2\hamcrest-2.2.jar;D:\M2\org\junit\jupiter\junit-jupiter\5.9.3\junit-jupiter-5.9.3.jar;D:\M2\org\junit\jupiter\junit-jupiter-api\5.9.3\junit-jupiter-api-5.9.3.jar;D:\M2\org\opentest4j\opentest4j\1.2.0\opentest4j-1.2.0.jar;D:\M2\org\junit\platform\junit-platform-commons\1.9.3\junit-platform-commons-1.9.3.jar;D:\M2\org\apiguardian\apiguardian-api\1.1.2\apiguardian-api-1.1.2.jar;D:\M2\org\junit\jupiter\junit-jupiter-params\5.9.3\junit-jupiter-params-5.9.3.jar;D:\M2\org\junit\jupiter\junit-jupiter-engine\5.9.3\junit-jupiter-engine-5.9.3.jar;D:\M2\org\junit\platform\junit-platform-engine\1.9.3\junit-platform-engine-1.9.3.jar;D:\M2\org\mockito\mockito-core\4.8.1\mockito-core-4.8.1.jar;D:\M2\net\bytebuddy\byte-buddy-agent\1.12.23\byte-buddy-agent-1.12.23.jar;D:\M2\org\objenesis\objenesis\3.2\objenesis-3.2.jar;D:\M2\org\mockito\mockito-junit-jupiter\4.8.1\mockito-junit-jupiter-4.8.1.jar;D:\M2\org\skyscreamer\jsonassert\1.5.1\jsonassert-1.5.1.jar;D:\M2\com\vaadin\external\google\android-json\0.0.20131108.vaadin1\android-json-0.0.20131108.vaadin1.jar;D:\M2\org\springframework\spring-test\6.0.10\spring-test-6.0.10.jar;D:\M2\org\xmlunit\xmlunit-core\2.9.1\xmlunit-core-2.9.1.jar;D:\M2\org\springframework\boot\spring-boot-starter-data-jpa\3.0.8\spring-boot-starter-data-jpa-3.0.8.jar;D:\M2\org\springframework\boot\spring-boot-starter-aop\3.0.8\spring-boot-starter-aop-3.0.8.jar;D:\M2\org\springframework\spring-aop\6.0.10\spring-aop-6.0.10.jar;D:\M2\org\aspectj\aspectjweaver\1.9.19\aspectjweaver-1.9.19.jar;D:\M2\org\hibernate\orm\hibernate-core\6.1.7.Final\hibernate-core-6.1.7.Final.jar;D:\M2\jakarta\persistence\jakarta.persistence-api\3.1.0\jakarta.persistence-api-3.1.0.jar;D:\M2\jakarta\transaction\jakarta.transaction-api\2.0.1\jakarta.transaction-api-2.0.1.jar;D:\M2\org\jboss\logging\jboss-logging\3.5.1.Final\jboss-logging-3.5.1.Final.jar;D:\M2\org\hibernate\common\hibernate-commons-annotations\6.0.6.Final\hibernate-commons-annotations-6.0.6.Final.jar;D:\M2\org\jboss\jandex\2.4.2.Final\jandex-2.4.2.Final.jar;D:\M2\com\fasterxml\classmate\1.5.1\classmate-1.5.1.jar;D:\M2\org\glassfish\jaxb\jaxb-runtime\4.0.3\jaxb-runtime-4.0.3.jar;D:\M2\org\glassfish\jaxb\jaxb-core\4.0.3\jaxb-core-4.0.3.jar;D:\M2\org\eclipse\angus\angus-activation\2.0.1\angus-activation-2.0.1.jar;D:\M2\org\glassfish\jaxb\txw2\4.0.3\txw2-4.0.3.jar;D:\M2\com\sun\istack\istack-commons-runtime\4.1.2\istack-commons-runtime-4.1.2.jar;D:\M2\jakarta\inject\jakarta.inject-api\2.0.0\jakarta.inject-api-2.0.0.jar;D:\M2\org\antlr\antlr4-runtime\4.10.1\antlr4-runtime-4.10.1.jar;D:\M2\org\springframework\data\spring-data-jpa\3.0.7\spring-data-jpa-3.0.7.jar;D:\M2\org\springframework\data\spring-data-commons\3.0.7\spring-data-commons-3.0.7.jar;D:\M2\org\springframework\spring-orm\6.0.10\spring-orm-6.0.10.jar;D:\M2\org\springframework\spring-aspects\6.0.10\spring-aspects-6.0.10.jar;D:\M2\org\springframework\boot\spring-boot-starter-web\3.0.8\spring-boot-starter-web-3.0.8.jar;D:\M2\org\springframework\boot\spring-boot-starter-json\3.0.8\spring-boot-starter-json-3.0.8.jar;D:\M2\com\fasterxml\jackson\core\jackson-databind\2.14.3\jackson-databind-2.14.3.jar;D:\M2\com\fasterxml\jackson\core\jackson-annotations\2.14.3\jackson-annotations-2.14.3.jar;D:\M2\com\fasterxml\jackson\core\jackson-core\2.14.3\jackson-core-2.14.3.jar;D:\M2\com\fasterxml\jackson\datatype\jackson-datatype-jdk8\2.14.3\jackson-datatype-jdk8-2.14.3.jar;D:\M2\com\fasterxml\jackson\datatype\jackson-datatype-jsr310\2.14.3\jackson-datatype-jsr310-2.14.3.jar;D:\M2\com\fasterxml\jackson\module\jackson-module-parameter-names\2.14.3\jackson-module-parameter-names-2.14.3.jar;D:\M2\org\springframework\boot\spring-boot-starter-tomcat\3.0.8\spring-boot-starter-tomcat-3.0.8.jar;D:\M2\org\apache\tomcat\embed\tomcat-embed-core\10.1.10\tomcat-embed-core-10.1.10.jar;D:\M2\org\apache\tomcat\embed\tomcat-embed-el\10.1.10\tomcat-embed-el-10.1.10.jar;D:\M2\org\apache\tomcat\embed\tomcat-embed-websocket\10.1.10\tomcat-embed-websocket-10.1.10.jar;D:\M2\org\springframework\spring-web\6.0.10\spring-web-6.0.10.jar;D:\M2\io\micrometer\micrometer-observation\1.10.8\micrometer-observation-1.10.8.jar;D:\M2\io\micrometer\micrometer-commons\1.10.8\micrometer-commons-1.10.8.jar;D:\M2\org\springframework\spring-webmvc\6.0.10\spring-webmvc-6.0.10.jar;D:\M2\org\springframework\spring-expression\6.0.10\spring-expression-6.0.10.jar;D:\M2\org\jsoup\jsoup\1.16.1\jsoup-1.16.1.jar;D:\M2\org\seleniumhq\selenium\selenium-java\4.10.0\selenium-java-4.10.0.jar;D:\M2\org\seleniumhq\selenium\selenium-api\4.5.3\selenium-api-4.5.3.jar;D:\M2\org\seleniumhq\selenium\selenium-chrome-driver\4.5.3\selenium-chrome-driver-4.5.3.jar;D:\M2\com\google\auto\service\auto-service-annotations\1.0.1\auto-service-annotations-1.0.1.jar;D:\M2\com\google\auto\service\auto-service\1.0.1\auto-service-1.0.1.jar;D:\M2\com\google\auto\auto-common\1.2\auto-common-1.2.jar;D:\M2\com\google\guava\guava\31.1-jre\guava-31.1-jre.jar;D:\M2\com\google\guava\failureaccess\1.0.1\failureaccess-1.0.1.jar;D:\M2\com\google\guava\listenablefuture\9999.0-empty-to-avoid-conflict-with-guava\listenablefuture-9999.0-empty-to-avoid-conflict-with-guava.jar;D:\M2\com\google\code\findbugs\jsr305\3.0.2\jsr305-3.0.2.jar;D:\M2\org\checkerframework\checker-qual\3.12.0\checker-qual-3.12.0.jar;D:\M2\com\google\errorprone\error_prone_annotations\2.11.0\error_prone_annotations-2.11.0.jar;D:\M2\com\google\j2objc\j2objc-annotations\1.3\j2objc-annotations-1.3.jar;D:\M2\org\seleniumhq\selenium\selenium-chromium-driver\4.5.3\selenium-chromium-driver-4.5.3.jar;D:\M2\org\seleniumhq\selenium\selenium-json\4.5.3\selenium-json-4.5.3.jar;D:\M2\org\seleniumhq\selenium\selenium-devtools-v112\4.10.0\selenium-devtools-v112-4.10.0.jar;D:\M2\org\seleniumhq\selenium\selenium-devtools-v113\4.10.0\selenium-devtools-v113-4.10.0.jar;D:\M2\org\seleniumhq\selenium\selenium-devtools-v114\4.10.0\selenium-devtools-v114-4.10.0.jar;D:\M2\org\seleniumhq\selenium\selenium-devtools-v85\4.5.3\selenium-devtools-v85-4.5.3.jar;D:\M2\org\seleniumhq\selenium\selenium-edge-driver\4.5.3\selenium-edge-driver-4.5.3.jar;D:\M2\org\seleniumhq\selenium\selenium-firefox-driver\4.5.3\selenium-firefox-driver-4.5.3.jar;D:\M2\org\seleniumhq\selenium\selenium-ie-driver\4.5.3\selenium-ie-driver-4.5.3.jar;D:\M2\org\seleniumhq\selenium\selenium-remote-driver\4.5.3\selenium-remote-driver-4.5.3.jar;D:\M2\com\beust\jcommander\1.82\jcommander-1.82.jar;D:\M2\io\netty\netty-buffer\4.1.94.Final\netty-buffer-4.1.94.Final.jar;D:\M2\io\netty\netty-codec-http\4.1.94.Final\netty-codec-http-4.1.94.Final.jar;D:\M2\io\netty\netty-codec\4.1.94.Final\netty-codec-4.1.94.Final.jar;D:\M2\io\netty\netty-handler\4.1.94.Final\netty-handler-4.1.94.Final.jar;D:\M2\io\netty\netty-common\4.1.94.Final\netty-common-4.1.94.Final.jar;D:\M2\io\netty\netty-transport-classes-epoll\4.1.94.Final\netty-transport-classes-epoll-4.1.94.Final.jar;D:\M2\io\netty\netty-transport-classes-kqueue\4.1.94.Final\netty-transport-classes-kqueue-4.1.94.Final.jar;D:\M2\io\netty\netty-transport-native-epoll\4.1.94.Final\netty-transport-native-epoll-4.1.94.Final.jar;D:\M2\io\netty\netty-transport-native-kqueue\4.1.94.Final\netty-transport-native-kqueue-4.1.94.Final.jar;D:\M2\io\netty\netty-transport-native-unix-common\4.1.94.Final\netty-transport-native-unix-common-4.1.94.Final.jar;D:\M2\io\netty\netty-transport\4.1.94.Final\netty-transport-4.1.94.Final.jar;D:\M2\io\netty\netty-resolver\4.1.94.Final\netty-resolver-4.1.94.Final.jar;D:\M2\io\opentelemetry\opentelemetry-api\1.19.0\opentelemetry-api-1.19.0.jar;D:\M2\io\opentelemetry\opentelemetry-context\1.19.0\opentelemetry-context-1.19.0.jar;D:\M2\io\opentelemetry\opentelemetry-exporter-logging\1.19.0\opentelemetry-exporter-logging-1.19.0.jar;D:\M2\io\opentelemetry\opentelemetry-sdk-metrics\1.19.0\opentelemetry-sdk-metrics-1.19.0.jar;D:\M2\io\opentelemetry\opentelemetry-sdk-logs\1.19.0-alpha\opentelemetry-sdk-logs-1.19.0-alpha.jar;D:\M2\io\opentelemetry\opentelemetry-api-logs\1.19.0-alpha\opentelemetry-api-logs-1.19.0-alpha.jar;D:\M2\io\opentelemetry\opentelemetry-sdk-common\1.19.0\opentelemetry-sdk-common-1.19.0.jar;D:\M2\io\opentelemetry\opentelemetry-sdk-extension-autoconfigure-spi\1.19.0\opentelemetry-sdk-extension-autoconfigure-spi-1.19.0.jar;D:\M2\io\opentelemetry\opentelemetry-sdk-extension-autoconfigure\1.19.0-alpha\opentelemetry-sdk-extension-autoconfigure-1.19.0-alpha.jar;D:\M2\io\opentelemetry\opentelemetry-exporter-common\1.19.0\opentelemetry-exporter-common-1.19.0.jar;D:\M2\io\opentelemetry\opentelemetry-sdk-trace\1.19.0\opentelemetry-sdk-trace-1.19.0.jar;D:\M2\io\opentelemetry\opentelemetry-sdk\1.19.0\opentelemetry-sdk-1.19.0.jar;D:\M2\io\opentelemetry\opentelemetry-semconv\1.19.0-alpha\opentelemetry-semconv-1.19.0-alpha.jar;D:\M2\io\ous\jtoml\2.0.0\jtoml-2.0.0.jar;D:\M2\org\apache\commons\commons-exec\1.3\commons-exec-1.3.jar;D:\M2\org\asynchttpclient\async-http-client\2.12.3\async-http-client-2.12.3.jar;D:\M2\org\asynchttpclient\async-http-client-netty-utils\2.12.3\async-http-client-netty-utils-2.12.3.jar;D:\M2\io\netty\netty-codec-socks\4.1.94.Final\netty-codec-socks-4.1.94.Final.jar;D:\M2\io\netty\netty-handler-proxy\4.1.94.Final\netty-handler-proxy-4.1.94.Final.jar;D:\M2\io\netty\netty-transport-native-epoll\4.1.94.Final\netty-transport-native-epoll-4.1.94.Final-linux-x86_64.jar;D:\M2\io\netty\netty-transport-native-kqueue\4.1.94.Final\netty-transport-native-kqueue-4.1.94.Final-osx-x86_64.jar;D:\M2\org\reactivestreams\reactive-streams\1.0.4\reactive-streams-1.0.4.jar;D:\M2\com\typesafe\netty\netty-reactive-streams\2.0.4\netty-reactive-streams-2.0.4.jar;D:\M2\com\sun\activation\jakarta.activation\1.2.2\jakarta.activation-1.2.2.jar;D:\M2\org\seleniumhq\selenium\selenium-http\4.5.3\selenium-http-4.5.3.jar;D:\M2\dev\failsafe\failsafe\3.3.0\failsafe-3.3.0.jar;D:\M2\org\seleniumhq\selenium\selenium-safari-driver\4.5.3\selenium-safari-driver-4.5.3.jar;D:\M2\org\seleniumhq\selenium\selenium-support\4.5.3\selenium-support-4.5.3.jar;D:\M2\org\projectlombok\lombok\1.18.26\lombok-1.18.26.jar;"/>
    <property name="sun.cpu.endian" value="little"/>
    <property name="user.home" value="C:\Users\trong"/>
    <property name="user.language" value="en"/>
    <property name="java.specification.vendor" value="Oracle Corporation"/>
    <property name="java.version.date" value="2022-10-18"/>
    <property name="java.home" value="C:\Program Files\Java\jdk-17.0.5"/>
    <property name="file.separator" value="\"/>
    <property name="basedir" value="D:\Eclipse\duancntt\RealEstate\bds\crawl-service"/>
    <property name="java.vm.compressedOopsMode" value="32-bit"/>
    <property name="line.separator" value="&#10;"/>
    <property name="java.vm.specification.vendor" value="Oracle Corporation"/>
    <property name="java.specification.name" value="Java Platform API Specification"/>
    <property name="surefire.real.class.path" value="C:\Users\trong\AppData\Local\Temp\surefire12559803476840350495\surefirebooter3079518517249467969.jar"/>
    <property name="user.script" value=""/>
    <property name="sun.management.compiler" value="HotSpot 64-Bit Tiered Compilers"/>
    <property name="java.runtime.version" value="17.0.5+9-LTS-191"/>
    <property name="user.name" value="tin dang"/>
    <property name="path.separator" value=";"/>
    <property name="os.version" value="10.0"/>
    <property name="java.runtime.name" value="Java(TM) SE Runtime Environment"/>
    <property name="file.encoding" value="Cp1252"/>
    <property name="java.vm.name" value="Java HotSpot(TM) 64-Bit Server VM"/>
    <property name="localRepository" value="D:\M2"/>
    <property name="java.vendor.url.bug" value="https://bugreport.java.com/bugreport/"/>
    <property name="java.io.tmpdir" value="C:\Users\trong\AppData\Local\Temp\"/>
    <property name="java.version" value="17.0.5"/>
    <property name="user.dir" value="D:\Eclipse\duancntt\RealEstate\bds\crawl-service"/>
    <property name="os.arch" value="amd64"/>
    <property name="java.vm.specification.name" value="Java Virtual Machine Specification"/>
    <property name="sun.os.patch.level" value=""/>
    <property name="native.encoding" value="Cp1252"/>
    <property name="java.library.path" value="C:\Program Files\Java\jdk-17.0.5\bin;C:\Windows\Sun\Java\bin;C:\Windows\system32;C:\Windows;C:\Program Files\Common Files\Oracle\Java\javapath;C:\Windows\system32;C:\Windows;C:\Windows\System32\Wbem;C:\Windows\System32\WindowsPowerShell\v1.0\;C:\Windows\System32\OpenSSH\;C:\Program Files\dotnet\;C:\apache-maven-3.8.6\bin;C:\Program Files\Java\jdk-17.0.5\bin;C:\Program Files\Git\cmd;C:\Program Files\nodejs\;C:\Users\trong\AppData\Local\Programs\Python\Python311\Scripts\;C:\Users\trong\AppData\Local\Programs\Python\Python311\;C:\Program Files\MySQL\MySQL Shell 8.0\bin\;C:\Users\trong\AppData\Local\Microsoft\WindowsApps;;C:\Users\trong\AppData\Local\Programs\Microsoft VS Code\bin;C:\Program Files\JetBrains\IntelliJ IDEA 2022.3.2\bin;;C:\Users\trong\AppData\Roaming\npm;."/>
    <property name="java.vm.info" value="mixed mode, sharing"/>
    <property name="java.vendor" value="Oracle Corporation"/>
    <property name="java.vm.version" value="17.0.5+9-LTS-191"/>
    <property name="sun.io.unicode.encoding" value="UnicodeLittle"/>
    <property name="java.class.version" value="61.0"/>
  </properties>
  <testcase name="contextLoads" classname="com.example.crawldata.CrawldataApplicationTests" time="4.245"/>
</testsuite>