<?xml version="1.0" encoding="UTF-8"?>
<testsuite xmlns:xsi="http://www.w3.org/2001/XMLSchema-instance" xsi:noNamespaceSchemaLocation="https://maven.apache.org/surefire/maven-surefire-plugin/xsd/surefire-test-report.xsd" name="com.web.bds.eurekaserver.EurekaServerApplicationTests" time="8.943" tests="1" errors="0" skipped="0" failures="0">
  <properties>
    <property name="java.specification.version" value="17"/>
    <property name="sun.cpu.isalist" value="amd64"/>
    <property name="sun.jnu.encoding" value="Cp1252"/>
    <property name="java.class.path" value="D:\Eclipse\duancntt\RealEstate\bds\eurekaserver\target\test-classes;D:\Eclipse\duancntt\RealEstate\bds\eurekaserver\target\classes;D:\M2\org\springframework\boot\spring-boot-starter-web\3.0.7\spring-boot-starter-web-3.0.7.jar;D:\M2\org\springframework\boot\spring-boot-starter\3.0.7\spring-boot-starter-3.0.7.jar;D:\M2\org\springframework\boot\spring-boot\3.0.7\spring-boot-3.0.7.jar;D:\M2\org\springframework\boot\spring-boot-autoconfigure\3.0.7\spring-boot-autoconfigure-3.0.7.jar;D:\M2\org\springframework\boot\spring-boot-starter-logging\3.0.7\spring-boot-starter-logging-3.0.7.jar;D:\M2\ch\qos\logback\logback-classic\1.4.7\logback-classic-1.4.7.jar;D:\M2\ch\qos\logback\logback-core\1.4.7\logback-core-1.4.7.jar;D:\M2\org\apache\logging\log4j\log4j-to-slf4j\2.19.0\log4j-to-slf4j-2.19.0.jar;D:\M2\org\apache\logging\log4j\log4j-api\2.19.0\log4j-api-2.19.0.jar;D:\M2\org\slf4j\jul-to-slf4j\2.0.7\jul-to-slf4j-2.0.7.jar;D:\M2\jakarta\annotation\jakarta.annotation-api\2.1.1\jakarta.annotation-api-2.1.1.jar;D:\M2\org\yaml\snakeyaml\1.33\snakeyaml-1.33.jar;D:\M2\org\springframework\boot\spring-boot-starter-json\3.0.7\spring-boot-starter-json-3.0.7.jar;D:\M2\com\fasterxml\jackson\core\jackson-databind\2.14.3\jackson-databind-2.14.3.jar;D:\M2\com\fasterxml\jackson\core\jackson-annotations\2.14.3\jackson-annotations-2.14.3.jar;D:\M2\com\fasterxml\jackson\core\jackson-core\2.14.3\jackson-core-2.14.3.jar;D:\M2\com\fasterxml\jackson\datatype\jackson-datatype-jdk8\2.14.3\jackson-datatype-jdk8-2.14.3.jar;D:\M2\com\fasterxml\jackson\datatype\jackson-datatype-jsr310\2.14.3\jackson-datatype-jsr310-2.14.3.jar;D:\M2\com\fasterxml\jackson\module\jackson-module-parameter-names\2.14.3\jackson-module-parameter-names-2.14.3.jar;D:\M2\org\springframework\boot\spring-boot-starter-tomcat\3.0.7\spring-boot-starter-tomcat-3.0.7.jar;D:\M2\org\apache\tomcat\embed\tomcat-embed-core\10.1.8\tomcat-embed-core-10.1.8.jar;D:\M2\org\apache\tomcat\embed\tomcat-embed-el\10.1.8\tomcat-embed-el-10.1.8.jar;D:\M2\org\apache\tomcat\embed\tomcat-embed-websocket\10.1.8\tomcat-embed-websocket-10.1.8.jar;D:\M2\org\springframework\spring-web\6.0.9\spring-web-6.0.9.jar;D:\M2\org\springframework\spring-beans\6.0.9\spring-beans-6.0.9.jar;D:\M2\io\micrometer\micrometer-observation\1.10.7\micrometer-observation-1.10.7.jar;D:\M2\io\micrometer\micrometer-commons\1.10.7\micrometer-commons-1.10.7.jar;D:\M2\org\springframework\spring-webmvc\6.0.9\spring-webmvc-6.0.9.jar;D:\M2\org\springframework\spring-aop\6.0.9\spring-aop-6.0.9.jar;D:\M2\org\springframework\spring-context\6.0.9\spring-context-6.0.9.jar;D:\M2\org\springframework\spring-expression\6.0.9\spring-expression-6.0.9.jar;D:\M2\org\springframework\cloud\spring-cloud-starter-netflix-eureka-server\4.0.2\spring-cloud-starter-netflix-eureka-server-4.0.2.jar;D:\M2\org\springframework\cloud\spring-cloud-starter\4.0.3\spring-cloud-starter-4.0.3.jar;D:\M2\org\springframework\cloud\spring-cloud-context\4.0.3\spring-cloud-context-4.0.3.jar;D:\M2\org\springframework\security\spring-security-crypto\6.0.3\spring-security-crypto-6.0.3.jar;D:\M2\org\springframework\cloud\spring-cloud-commons\4.0.3\spring-cloud-commons-4.0.3.jar;D:\M2\org\springframework\security\spring-security-rsa\1.0.11.RELEASE\spring-security-rsa-1.0.11.RELEASE.jar;D:\M2\org\bouncycastle\bcpkix-jdk15on\1.69\bcpkix-jdk15on-1.69.jar;D:\M2\org\bouncycastle\bcprov-jdk15on\1.69\bcprov-jdk15on-1.69.jar;D:\M2\org\bouncycastle\bcutil-jdk15on\1.69\bcutil-jdk15on-1.69.jar;D:\M2\org\springframework\cloud\spring-cloud-netflix-eureka-server\4.0.2\spring-cloud-netflix-eureka-server-4.0.2.jar;D:\M2\org\springframework\boot\spring-boot-starter-actuator\3.0.7\spring-boot-starter-actuator-3.0.7.jar;D:\M2\org\springframework\boot\spring-boot-actuator-autoconfigure\3.0.7\spring-boot-actuator-autoconfigure-3.0.7.jar;D:\M2\org\springframework\boot\spring-boot-actuator\3.0.7\spring-boot-actuator-3.0.7.jar;D:\M2\io\micrometer\micrometer-core\1.10.7\micrometer-core-1.10.7.jar;D:\M2\org\hdrhistogram\HdrHistogram\2.1.12\HdrHistogram-2.1.12.jar;D:\M2\org\latencyutils\LatencyUtils\2.0.3\LatencyUtils-2.0.3.jar;D:\M2\org\springframework\boot\spring-boot-starter-freemarker\3.0.7\spring-boot-starter-freemarker-3.0.7.jar;D:\M2\org\freemarker\freemarker\2.3.32\freemarker-2.3.32.jar;D:\M2\org\springframework\spring-context-support\6.0.9\spring-context-support-6.0.9.jar;D:\M2\org\springframework\cloud\spring-cloud-netflix-eureka-client\4.0.2\spring-cloud-netflix-eureka-client-4.0.2.jar;D:\M2\com\netflix\eureka\eureka-client\2.0.0\eureka-client-2.0.0.jar;D:\M2\com\netflix\netflix-commons\netflix-eventbus\0.3.0\netflix-eventbus-0.3.0.jar;D:\M2\com\netflix\netflix-commons\netflix-infix\0.3.0\netflix-infix-0.3.0.jar;D:\M2\commons-jxpath\commons-jxpath\1.3\commons-jxpath-1.3.jar;D:\M2\joda-time\joda-time\2.3\joda-time-2.3.jar;D:\M2\org\antlr\antlr-runtime\3.4\antlr-runtime-3.4.jar;D:\M2\org\antlr\stringtemplate\3.2.1\stringtemplate-3.2.1.jar;D:\M2\antlr\antlr\2.7.7\antlr-2.7.7.jar;D:\M2\com\google\code\gson\gson\2.9.1\gson-2.9.1.jar;D:\M2\org\apache\commons\commons-math\2.2\commons-math-2.2.jar;D:\M2\com\thoughtworks\xstream\xstream\1.4.19\xstream-1.4.19.jar;D:\M2\io\github\x-stream\mxparser\1.2.2\mxparser-1.2.2.jar;D:\M2\xmlpull\xmlpull\1.1.3.1\xmlpull-1.1.3.1.jar;D:\M2\com\netflix\servo\servo-core\0.12.21\servo-core-0.12.21.jar;D:\M2\com\google\guava\guava\19.0\guava-19.0.jar;D:\M2\org\apache\httpcomponents\httpclient\4.5.14\httpclient-4.5.14.jar;D:\M2\org\apache\httpcomponents\httpcore\4.4.16\httpcore-4.4.16.jar;D:\M2\commons-configuration\commons-configuration\1.10\commons-configuration-1.10.jar;D:\M2\commons-lang\commons-lang\2.6\commons-lang-2.6.jar;D:\M2\org\codehaus\jettison\jettison\1.4.0\jettison-1.4.0.jar;D:\M2\org\apache\httpcomponents\client5\httpclient5\5.1.4\httpclient5-5.1.4.jar;D:\M2\org\apache\httpcomponents\core5\httpcore5\5.1.5\httpcore5-5.1.5.jar;D:\M2\org\apache\httpcomponents\core5\httpcore5-h2\5.1.5\httpcore5-h2-5.1.5.jar;D:\M2\commons-codec\commons-codec\1.15\commons-codec-1.15.jar;D:\M2\com\netflix\eureka\eureka-client-jersey3\2.0.0\eureka-client-jersey3-2.0.0.jar;D:\M2\org\glassfish\jersey\connectors\jersey-apache-connector\3.1.2\jersey-apache-connector-3.1.2.jar;D:\M2\com\netflix\eureka\eureka-core-jersey3\2.0.0\eureka-core-jersey3-2.0.0.jar;D:\M2\com\netflix\eureka\eureka-core\2.0.0\eureka-core-2.0.0.jar;D:\M2\jakarta\servlet\jakarta.servlet-api\6.0.0\jakarta.servlet-api-6.0.0.jar;D:\M2\org\glassfish\jersey\containers\jersey-container-servlet\3.1.2\jersey-container-servlet-3.1.2.jar;D:\M2\org\glassfish\jersey\containers\jersey-container-servlet-core\3.1.2\jersey-container-servlet-core-3.1.2.jar;D:\M2\org\glassfish\jersey\core\jersey-common\3.1.2\jersey-common-3.1.2.jar;D:\M2\org\glassfish\hk2\osgi-resource-locator\1.0.3\osgi-resource-locator-1.0.3.jar;D:\M2\jakarta\ws\rs\jakarta.ws.rs-api\3.1.0\jakarta.ws.rs-api-3.1.0.jar;D:\M2\org\glassfish\jersey\core\jersey-server\3.1.2\jersey-server-3.1.2.jar;D:\M2\jakarta\validation\jakarta.validation-api\3.0.2\jakarta.validation-api-3.0.2.jar;D:\M2\org\glassfish\jersey\core\jersey-client\3.1.2\jersey-client-3.1.2.jar;D:\M2\org\glassfish\jersey\inject\jersey-hk2\3.1.2\jersey-hk2-3.1.2.jar;D:\M2\org\glassfish\hk2\hk2-locator\3.0.4\hk2-locator-3.0.4.jar;D:\M2\org\glassfish\hk2\external\aopalliance-repackaged\3.0.4\aopalliance-repackaged-3.0.4.jar;D:\M2\org\glassfish\hk2\hk2-utils\3.0.4\hk2-utils-3.0.4.jar;D:\M2\org\javassist\javassist\3.29.0-GA\javassist-3.29.0-GA.jar;D:\M2\org\glassfish\hk2\spring-bridge\3.0.3\spring-bridge-3.0.3.jar;D:\M2\org\glassfish\hk2\hk2-api\3.0.3\hk2-api-3.0.3.jar;D:\M2\jakarta\inject\jakarta.inject-api\2.0.1\jakarta.inject-api-2.0.1.jar;D:\M2\com\fasterxml\jackson\dataformat\jackson-dataformat-xml\2.14.3\jackson-dataformat-xml-2.14.3.jar;D:\M2\org\codehaus\woodstox\stax2-api\4.2.1\stax2-api-4.2.1.jar;D:\M2\com\fasterxml\woodstox\woodstox-core\6.5.0\woodstox-core-6.5.0.jar;D:\M2\org\springframework\cloud\spring-cloud-starter-loadbalancer\4.0.3\spring-cloud-starter-loadbalancer-4.0.3.jar;D:\M2\org\springframework\cloud\spring-cloud-loadbalancer\4.0.3\spring-cloud-loadbalancer-4.0.3.jar;D:\M2\io\projectreactor\reactor-core\3.5.6\reactor-core-3.5.6.jar;D:\M2\org\reactivestreams\reactive-streams\1.0.4\reactive-streams-1.0.4.jar;D:\M2\io\projectreactor\addons\reactor-extra\3.5.1\reactor-extra-3.5.1.jar;D:\M2\org\springframework\boot\spring-boot-starter-cache\3.0.7\spring-boot-starter-cache-3.0.7.jar;D:\M2\com\stoyanr\evictor\1.0.0\evictor-1.0.0.jar;D:\M2\org\glassfish\jaxb\jaxb-runtime\4.0.2\jaxb-runtime-4.0.2.jar;D:\M2\org\glassfish\jaxb\jaxb-core\4.0.2\jaxb-core-4.0.2.jar;D:\M2\org\eclipse\angus\angus-activation\2.0.0\angus-activation-2.0.0.jar;D:\M2\org\glassfish\jaxb\txw2\4.0.2\txw2-4.0.2.jar;D:\M2\com\sun\istack\istack-commons-runtime\4.1.1\istack-commons-runtime-4.1.1.jar;D:\M2\org\springframework\boot\spring-boot-starter-test\3.0.7\spring-boot-starter-test-3.0.7.jar;D:\M2\org\springframework\boot\spring-boot-test\3.0.7\spring-boot-test-3.0.7.jar;D:\M2\org\springframework\boot\spring-boot-test-autoconfigure\3.0.7\spring-boot-test-autoconfigure-3.0.7.jar;D:\M2\com\jayway\jsonpath\json-path\2.7.0\json-path-2.7.0.jar;D:\M2\net\minidev\json-smart\2.4.11\json-smart-2.4.11.jar;D:\M2\net\minidev\accessors-smart\2.4.11\accessors-smart-2.4.11.jar;D:\M2\org\ow2\asm\asm\9.3\asm-9.3.jar;D:\M2\org\slf4j\slf4j-api\2.0.7\slf4j-api-2.0.7.jar;D:\M2\jakarta\xml\bind\jakarta.xml.bind-api\4.0.0\jakarta.xml.bind-api-4.0.0.jar;D:\M2\jakarta\activation\jakarta.activation-api\2.1.2\jakarta.activation-api-2.1.2.jar;D:\M2\org\assertj\assertj-core\3.23.1\assertj-core-3.23.1.jar;D:\M2\net\bytebuddy\byte-buddy\1.12.23\byte-buddy-1.12.23.jar;D:\M2\org\hamcrest\hamcrest\2.2\hamcrest-2.2.jar;D:\M2\org\junit\jupiter\junit-jupiter\5.9.3\junit-jupiter-5.9.3.jar;D:\M2\org\junit\jupiter\junit-jupiter-api\5.9.3\junit-jupiter-api-5.9.3.jar;D:\M2\org\opentest4j\opentest4j\1.2.0\opentest4j-1.2.0.jar;D:\M2\org\junit\platform\junit-platform-commons\1.9.3\junit-platform-commons-1.9.3.jar;D:\M2\org\apiguardian\apiguardian-api\1.1.2\apiguardian-api-1.1.2.jar;D:\M2\org\junit\jupiter\junit-jupiter-params\5.9.3\junit-jupiter-params-5.9.3.jar;D:\M2\org\junit\jupiter\junit-jupiter-engine\5.9.3\junit-jupiter-engine-5.9.3.jar;D:\M2\org\junit\platform\junit-platform-engine\1.9.3\junit-platform-engine-1.9.3.jar;D:\M2\org\mockito\mockito-core\4.8.1\mockito-core-4.8.1.jar;D:\M2\net\bytebuddy\byte-buddy-agent\1.12.23\byte-buddy-agent-1.12.23.jar;D:\M2\org\objenesis\objenesis\3.2\objenesis-3.2.jar;D:\M2\org\mockito\mockito-junit-jupiter\4.8.1\mockito-junit-jupiter-4.8.1.jar;D:\M2\org\skyscreamer\jsonassert\1.5.1\jsonassert-1.5.1.jar;D:\M2\com\vaadin\external\google\android-json\0.0.20131108.vaadin1\android-json-0.0.20131108.vaadin1.jar;D:\M2\org\springframework\spring-core\6.0.9\spring-core-6.0.9.jar;D:\M2\org\springframework\spring-jcl\6.0.9\spring-jcl-6.0.9.jar;D:\M2\org\springframework\spring-test\6.0.9\spring-test-6.0.9.jar;D:\M2\org\xmlunit\xmlunit-core\2.9.1\xmlunit-core-2.9.1.jar;"/>
    <property name="java.vm.vendor" value="Oracle Corporation"/>
    <property name="sun.arch.data.model" value="64"/>
    <property name="user.variant" value=""/>
    <property name="java.vendor.url" value="https://java.oracle.com/"/>
    <property name="user.timezone" value="Asia/Saigon"/>
    <property name="os.name" value="Windows 10"/>
    <property name="java.vm.specification.version" value="17"/>
    <property name="sun.java.launcher" value="SUN_STANDARD"/>
    <property name="user.country" value="US"/>
    <property name="sun.boot.library.path" value="C:\Program Files\Java\jdk-17.0.5\bin"/>
    <property name="sun.java.command" value="C:\Users\trong\AppData\Local\Temp\surefire17480465055648342082\surefirebooter17614192295016002443.jar C:\Users\trong\AppData\Local\Temp\surefire17480465055648342082 2023-06-27T11-43-55_036-jvmRun1 surefire16503045650535311096tmp surefire_04426304122211364194tmp"/>
    <property name="jdk.debug" value="release"/>
    <property name="surefire.test.class.path" value="D:\Eclipse\duancntt\RealEstate\bds\eurekaserver\target\test-classes;D:\Eclipse\duancntt\RealEstate\bds\eurekaserver\target\classes;D:\M2\org\springframework\boot\spring-boot-starter-web\3.0.7\spring-boot-starter-web-3.0.7.jar;D:\M2\org\springframework\boot\spring-boot-starter\3.0.7\spring-boot-starter-3.0.7.jar;D:\M2\org\springframework\boot\spring-boot\3.0.7\spring-boot-3.0.7.jar;D:\M2\org\springframework\boot\spring-boot-autoconfigure\3.0.7\spring-boot-autoconfigure-3.0.7.jar;D:\M2\org\springframework\boot\spring-boot-starter-logging\3.0.7\spring-boot-starter-logging-3.0.7.jar;D:\M2\ch\qos\logback\logback-classic\1.4.7\logback-classic-1.4.7.jar;D:\M2\ch\qos\logback\logback-core\1.4.7\logback-core-1.4.7.jar;D:\M2\org\apache\logging\log4j\log4j-to-slf4j\2.19.0\log4j-to-slf4j-2.19.0.jar;D:\M2\org\apache\logging\log4j\log4j-api\2.19.0\log4j-api-2.19.0.jar;D:\M2\org\slf4j\jul-to-slf4j\2.0.7\jul-to-slf4j-2.0.7.jar;D:\M2\jakarta\annotation\jakarta.annotation-api\2.1.1\jakarta.annotation-api-2.1.1.jar;D:\M2\org\yaml\snakeyaml\1.33\snakeyaml-1.33.jar;D:\M2\org\springframework\boot\spring-boot-starter-json\3.0.7\spring-boot-starter-json-3.0.7.jar;D:\M2\com\fasterxml\jackson\core\jackson-databind\2.14.3\jackson-databind-2.14.3.jar;D:\M2\com\fasterxml\jackson\core\jackson-annotations\2.14.3\jackson-annotations-2.14.3.jar;D:\M2\com\fasterxml\jackson\core\jackson-core\2.14.3\jackson-core-2.14.3.jar;D:\M2\com\fasterxml\jackson\datatype\jackson-datatype-jdk8\2.14.3\jackson-datatype-jdk8-2.14.3.jar;D:\M2\com\fasterxml\jackson\datatype\jackson-datatype-jsr310\2.14.3\jackson-datatype-jsr310-2.14.3.jar;D:\M2\com\fasterxml\jackson\module\jackson-module-parameter-names\2.14.3\jackson-module-parameter-names-2.14.3.jar;D:\M2\org\springframework\boot\spring-boot-starter-tomcat\3.0.7\spring-boot-starter-tomcat-3.0.7.jar;D:\M2\org\apache\tomcat\embed\tomcat-embed-core\10.1.8\tomcat-embed-core-10.1.8.jar;D:\M2\org\apache\tomcat\embed\tomcat-embed-el\10.1.8\tomcat-embed-el-10.1.8.jar;D:\M2\org\apache\tomcat\embed\tomcat-embed-websocket\10.1.8\tomcat-embed-websocket-10.1.8.jar;D:\M2\org\springframework\spring-web\6.0.9\spring-web-6.0.9.jar;D:\M2\org\springframework\spring-beans\6.0.9\spring-beans-6.0.9.jar;D:\M2\io\micrometer\micrometer-observation\1.10.7\micrometer-observation-1.10.7.jar;D:\M2\io\micrometer\micrometer-commons\1.10.7\micrometer-commons-1.10.7.jar;D:\M2\org\springframework\spring-webmvc\6.0.9\spring-webmvc-6.0.9.jar;D:\M2\org\springframework\spring-aop\6.0.9\spring-aop-6.0.9.jar;D:\M2\org\springframework\spring-context\6.0.9\spring-context-6.0.9.jar;D:\M2\org\springframework\spring-expression\6.0.9\spring-expression-6.0.9.jar;D:\M2\org\springframework\cloud\spring-cloud-starter-netflix-eureka-server\4.0.2\spring-cloud-starter-netflix-eureka-server-4.0.2.jar;D:\M2\org\springframework\cloud\spring-cloud-starter\4.0.3\spring-cloud-starter-4.0.3.jar;D:\M2\org\springframework\cloud\spring-cloud-context\4.0.3\spring-cloud-context-4.0.3.jar;D:\M2\org\springframework\security\spring-security-crypto\6.0.3\spring-security-crypto-6.0.3.jar;D:\M2\org\springframework\cloud\spring-cloud-commons\4.0.3\spring-cloud-commons-4.0.3.jar;D:\M2\org\springframework\security\spring-security-rsa\1.0.11.RELEASE\spring-security-rsa-1.0.11.RELEASE.jar;D:\M2\org\bouncycastle\bcpkix-jdk15on\1.69\bcpkix-jdk15on-1.69.jar;D:\M2\org\bouncycastle\bcprov-jdk15on\1.69\bcprov-jdk15on-1.69.jar;D:\M2\org\bouncycastle\bcutil-jdk15on\1.69\bcutil-jdk15on-1.69.jar;D:\M2\org\springframework\cloud\spring-cloud-netflix-eureka-server\4.0.2\spring-cloud-netflix-eureka-server-4.0.2.jar;D:\M2\org\springframework\boot\spring-boot-starter-actuator\3.0.7\spring-boot-starter-actuator-3.0.7.jar;D:\M2\org\springframework\boot\spring-boot-actuator-autoconfigure\3.0.7\spring-boot-actuator-autoconfigure-3.0.7.jar;D:\M2\org\springframework\boot\spring-boot-actuator\3.0.7\spring-boot-actuator-3.0.7.jar;D:\M2\io\micrometer\micrometer-core\1.10.7\micrometer-core-1.10.7.jar;D:\M2\org\hdrhistogram\HdrHistogram\2.1.12\HdrHistogram-2.1.12.jar;D:\M2\org\latencyutils\LatencyUtils\2.0.3\LatencyUtils-2.0.3.jar;D:\M2\org\springframework\boot\spring-boot-starter-freemarker\3.0.7\spring-boot-starter-freemarker-3.0.7.jar;D:\M2\org\freemarker\freemarker\2.3.32\freemarker-2.3.32.jar;D:\M2\org\springframework\spring-context-support\6.0.9\spring-context-support-6.0.9.jar;D:\M2\org\springframework\cloud\spring-cloud-netflix-eureka-client\4.0.2\spring-cloud-netflix-eureka-client-4.0.2.jar;D:\M2\com\netflix\eureka\eureka-client\2.0.0\eureka-client-2.0.0.jar;D:\M2\com\netflix\netflix-commons\netflix-eventbus\0.3.0\netflix-eventbus-0.3.0.jar;D:\M2\com\netflix\netflix-commons\netflix-infix\0.3.0\netflix-infix-0.3.0.jar;D:\M2\commons-jxpath\commons-jxpath\1.3\commons-jxpath-1.3.jar;D:\M2\joda-time\joda-time\2.3\joda-time-2.3.jar;D:\M2\org\antlr\antlr-runtime\3.4\antlr-runtime-3.4.jar;D:\M2\org\antlr\stringtemplate\3.2.1\stringtemplate-3.2.1.jar;D:\M2\antlr\antlr\2.7.7\antlr-2.7.7.jar;D:\M2\com\google\code\gson\gson\2.9.1\gson-2.9.1.jar;D:\M2\org\apache\commons\commons-math\2.2\commons-math-2.2.jar;D:\M2\com\thoughtworks\xstream\xstream\1.4.19\xstream-1.4.19.jar;D:\M2\io\github\x-stream\mxparser\1.2.2\mxparser-1.2.2.jar;D:\M2\xmlpull\xmlpull\1.1.3.1\xmlpull-1.1.3.1.jar;D:\M2\com\netflix\servo\servo-core\0.12.21\servo-core-0.12.21.jar;D:\M2\com\google\guava\guava\19.0\guava-19.0.jar;D:\M2\org\apache\httpcomponents\httpclient\4.5.14\httpclient-4.5.14.jar;D:\M2\org\apache\httpcomponents\httpcore\4.4.16\httpcore-4.4.16.jar;D:\M2\commons-configuration\commons-configuration\1.10\commons-configuration-1.10.jar;D:\M2\commons-lang\commons-lang\2.6\commons-lang-2.6.jar;D:\M2\org\codehaus\jettison\jettison\1.4.0\jettison-1.4.0.jar;D:\M2\org\apache\httpcomponents\client5\httpclient5\5.1.4\httpclient5-5.1.4.jar;D:\M2\org\apache\httpcomponents\core5\httpcore5\5.1.5\httpcore5-5.1.5.jar;D:\M2\org\apache\httpcomponents\core5\httpcore5-h2\5.1.5\httpcore5-h2-5.1.5.jar;D:\M2\commons-codec\commons-codec\1.15\commons-codec-1.15.jar;D:\M2\com\netflix\eureka\eureka-client-jersey3\2.0.0\eureka-client-jersey3-2.0.0.jar;D:\M2\org\glassfish\jersey\connectors\jersey-apache-connector\3.1.2\jersey-apache-connector-3.1.2.jar;D:\M2\com\netflix\eureka\eureka-core-jersey3\2.0.0\eureka-core-jersey3-2.0.0.jar;D:\M2\com\netflix\eureka\eureka-core\2.0.0\eureka-core-2.0.0.jar;D:\M2\jakarta\servlet\jakarta.servlet-api\6.0.0\jakarta.servlet-api-6.0.0.jar;D:\M2\org\glassfish\jersey\containers\jersey-container-servlet\3.1.2\jersey-container-servlet-3.1.2.jar;D:\M2\org\glassfish\jersey\containers\jersey-container-servlet-core\3.1.2\jersey-container-servlet-core-3.1.2.jar;D:\M2\org\glassfish\jersey\core\jersey-common\3.1.2\jersey-common-3.1.2.jar;D:\M2\org\glassfish\hk2\osgi-resource-locator\1.0.3\osgi-resource-locator-1.0.3.jar;D:\M2\jakarta\ws\rs\jakarta.ws.rs-api\3.1.0\jakarta.ws.rs-api-3.1.0.jar;D:\M2\org\glassfish\jersey\core\jersey-server\3.1.2\jersey-server-3.1.2.jar;D:\M2\jakarta\validation\jakarta.validation-api\3.0.2\jakarta.validation-api-3.0.2.jar;D:\M2\org\glassfish\jersey\core\jersey-client\3.1.2\jersey-client-3.1.2.jar;D:\M2\org\glassfish\jersey\inject\jersey-hk2\3.1.2\jersey-hk2-3.1.2.jar;D:\M2\org\glassfish\hk2\hk2-locator\3.0.4\hk2-locator-3.0.4.jar;D:\M2\org\glassfish\hk2\external\aopalliance-repackaged\3.0.4\aopalliance-repackaged-3.0.4.jar;D:\M2\org\glassfish\hk2\hk2-utils\3.0.4\hk2-utils-3.0.4.jar;D:\M2\org\javassist\javassist\3.29.0-GA\javassist-3.29.0-GA.jar;D:\M2\org\glassfish\hk2\spring-bridge\3.0.3\spring-bridge-3.0.3.jar;D:\M2\org\glassfish\hk2\hk2-api\3.0.3\hk2-api-3.0.3.jar;D:\M2\jakarta\inject\jakarta.inject-api\2.0.1\jakarta.inject-api-2.0.1.jar;D:\M2\com\fasterxml\jackson\dataformat\jackson-dataformat-xml\2.14.3\jackson-dataformat-xml-2.14.3.jar;D:\M2\org\codehaus\woodstox\stax2-api\4.2.1\stax2-api-4.2.1.jar;D:\M2\com\fasterxml\woodstox\woodstox-core\6.5.0\woodstox-core-6.5.0.jar;D:\M2\org\springframework\cloud\spring-cloud-starter-loadbalancer\4.0.3\spring-cloud-starter-loadbalancer-4.0.3.jar;D:\M2\org\springframework\cloud\spring-cloud-loadbalancer\4.0.3\spring-cloud-loadbalancer-4.0.3.jar;D:\M2\io\projectreactor\reactor-core\3.5.6\reactor-core-3.5.6.jar;D:\M2\org\reactivestreams\reactive-streams\1.0.4\reactive-streams-1.0.4.jar;D:\M2\io\projectreactor\addons\reactor-extra\3.5.1\reactor-extra-3.5.1.jar;D:\M2\org\springframework\boot\spring-boot-starter-cache\3.0.7\spring-boot-starter-cache-3.0.7.jar;D:\M2\com\stoyanr\evictor\1.0.0\evictor-1.0.0.jar;D:\M2\org\glassfish\jaxb\jaxb-runtime\4.0.2\jaxb-runtime-4.0.2.jar;D:\M2\org\glassfish\jaxb\jaxb-core\4.0.2\jaxb-core-4.0.2.jar;D:\M2\org\eclipse\angus\angus-activation\2.0.0\angus-activation-2.0.0.jar;D:\M2\org\glassfish\jaxb\txw2\4.0.2\txw2-4.0.2.jar;D:\M2\com\sun\istack\istack-commons-runtime\4.1.1\istack-commons-runtime-4.1.1.jar;D:\M2\org\springframework\boot\spring-boot-starter-test\3.0.7\spring-boot-starter-test-3.0.7.jar;D:\M2\org\springframework\boot\spring-boot-test\3.0.7\spring-boot-test-3.0.7.jar;D:\M2\org\springframework\boot\spring-boot-test-autoconfigure\3.0.7\spring-boot-test-autoconfigure-3.0.7.jar;D:\M2\com\jayway\jsonpath\json-path\2.7.0\json-path-2.7.0.jar;D:\M2\net\minidev\json-smart\2.4.11\json-smart-2.4.11.jar;D:\M2\net\minidev\accessors-smart\2.4.11\accessors-smart-2.4.11.jar;D:\M2\org\ow2\asm\asm\9.3\asm-9.3.jar;D:\M2\org\slf4j\slf4j-api\2.0.7\slf4j-api-2.0.7.jar;D:\M2\jakarta\xml\bind\jakarta.xml.bind-api\4.0.0\jakarta.xml.bind-api-4.0.0.jar;D:\M2\jakarta\activation\jakarta.activation-api\2.1.2\jakarta.activation-api-2.1.2.jar;D:\M2\org\assertj\assertj-core\3.23.1\assertj-core-3.23.1.jar;D:\M2\net\bytebuddy\byte-buddy\1.12.23\byte-buddy-1.12.23.jar;D:\M2\org\hamcrest\hamcrest\2.2\hamcrest-2.2.jar;D:\M2\org\junit\jupiter\junit-jupiter\5.9.3\junit-jupiter-5.9.3.jar;D:\M2\org\junit\jupiter\junit-jupiter-api\5.9.3\junit-jupiter-api-5.9.3.jar;D:\M2\org\opentest4j\opentest4j\1.2.0\opentest4j-1.2.0.jar;D:\M2\org\junit\platform\junit-platform-commons\1.9.3\junit-platform-commons-1.9.3.jar;D:\M2\org\apiguardian\apiguardian-api\1.1.2\apiguardian-api-1.1.2.jar;D:\M2\org\junit\jupiter\junit-jupiter-params\5.9.3\junit-jupiter-params-5.9.3.jar;D:\M2\org\junit\jupiter\junit-jupiter-engine\5.9.3\junit-jupiter-engine-5.9.3.jar;D:\M2\org\junit\platform\junit-platform-engine\1.9.3\junit-platform-engine-1.9.3.jar;D:\M2\org\mockito\mockito-core\4.8.1\mockito-core-4.8.1.jar;D:\M2\net\bytebuddy\byte-buddy-agent\1.12.23\byte-buddy-agent-1.12.23.jar;D:\M2\org\objenesis\objenesis\3.2\objenesis-3.2.jar;D:\M2\org\mockito\mockito-junit-jupiter\4.8.1\mockito-junit-jupiter-4.8.1.jar;D:\M2\org\skyscreamer\jsonassert\1.5.1\jsonassert-1.5.1.jar;D:\M2\com\vaadin\external\google\android-json\0.0.20131108.vaadin1\android-json-0.0.20131108.vaadin1.jar;D:\M2\org\springframework\spring-core\6.0.9\spring-core-6.0.9.jar;D:\M2\org\springframework\spring-jcl\6.0.9\spring-jcl-6.0.9.jar;D:\M2\org\springframework\spring-test\6.0.9\spring-test-6.0.9.jar;D:\M2\org\xmlunit\xmlunit-core\2.9.1\xmlunit-core-2.9.1.jar;"/>
    <property name="sun.cpu.endian" value="little"/>
    <property name="user.home" value="C:\Users\trong"/>
    <property name="user.language" value="en"/>
    <property name="java.specification.vendor" value="Oracle Corporation"/>
    <property name="java.version.date" value="2022-10-18"/>
    <property name="java.home" value="C:\Program Files\Java\jdk-17.0.5"/>
    <property name="file.separator" value="\"/>
    <property name="basedir" value="D:\Eclipse\duancntt\RealEstate\bds\eurekaserver"/>
    <property name="java.vm.compressedOopsMode" value="32-bit"/>
    <property name="line.separator" value="&#10;"/>
    <property name="java.vm.specification.vendor" value="Oracle Corporation"/>
    <property name="java.specification.name" value="Java Platform API Specification"/>
    <property name="surefire.real.class.path" value="C:\Users\trong\AppData\Local\Temp\surefire17480465055648342082\surefirebooter17614192295016002443.jar"/>
    <property name="user.script" value=""/>
    <property name="sun.management.compiler" value="HotSpot 64-Bit Tiered Compilers"/>
    <property name="java.runtime.version" value="17.0.5+9-LTS-191"/>
    <property name="user.name" value="tin dang"/>
    <property name="path.separator" value=";"/>
    <property name="os.version" value="10.0"/>
    <property name="java.runtime.name" value="Java(TM) SE Runtime Environment"/>
    <property name="file.encoding" value="Cp1252"/>
    <property name="java.vm.name" value="Java HotSpot(TM) 64-Bit Server VM"/>
    <property name="localRepository" value="D:\M2"/>
    <property name="java.vendor.url.bug" value="https://bugreport.java.com/bugreport/"/>
    <property name="java.io.tmpdir" value="C:\Users\trong\AppData\Local\Temp\"/>
    <property name="java.version" value="17.0.5"/>
    <property name="user.dir" value="D:\Eclipse\duancntt\RealEstate\bds\eurekaserver"/>
    <property name="os.arch" value="amd64"/>
    <property name="java.vm.specification.name" value="Java Virtual Machine Specification"/>
    <property name="sun.os.patch.level" value=""/>
    <property name="native.encoding" value="Cp1252"/>
    <property name="java.library.path" value="C:\Program Files\Java\jdk-17.0.5\bin;C:\Windows\Sun\Java\bin;C:\Windows\system32;C:\Windows;C:\Program Files\Common Files\Oracle\Java\javapath;C:\Windows\system32;C:\Windows;C:\Windows\System32\Wbem;C:\Windows\System32\WindowsPowerShell\v1.0\;C:\Windows\System32\OpenSSH\;C:\Program Files\dotnet\;C:\apache-maven-3.8.6\bin;C:\Program Files\Java\jdk-17.0.5\bin;C:\Program Files\Git\cmd;C:\Program Files\nodejs\;C:\Users\trong\AppData\Local\Programs\Python\Python311\Scripts\;C:\Users\trong\AppData\Local\Programs\Python\Python311\;C:\Program Files\MySQL\MySQL Shell 8.0\bin\;C:\Users\trong\AppData\Local\Microsoft\WindowsApps;;C:\Users\trong\AppData\Local\Programs\Microsoft VS Code\bin;C:\Program Files\JetBrains\IntelliJ IDEA 2022.3.2\bin;;C:\Users\trong\AppData\Roaming\npm;."/>
    <property name="java.vm.info" value="mixed mode, sharing"/>
    <property name="java.vendor" value="Oracle Corporation"/>
    <property name="java.vm.version" value="17.0.5+9-LTS-191"/>
    <property name="sun.io.unicode.encoding" value="UnicodeLittle"/>
    <property name="java.class.version" value="61.0"/>
  </properties>
  <testcase name="contextLoads" classname="com.web.bds.eurekaserver.EurekaServerApplicationTests" time="0.788"/>
</testsuite>